<?xml version="1.0" encoding="UTF-8"?>
<testng-results skipped="0" failed="0" ignored="0" total="1" passed="1">
  <reporter-output>
  </reporter-output>
  <suite name="Default suite" duration-ms="5857" started-at="2017-11-17T07:50:52Z" finished-at="2017-11-17T07:50:58Z">
    <groups>
    </groups>
    <test name="Default test" duration-ms="5857" started-at="2017-11-17T07:50:52Z" finished-at="2017-11-17T07:50:58Z">
      <class name="testcases.Tc_001">
        <test-method status="PASS" signature="testcase1()[pri:0, instance:testcases.Tc_001@26be92ad]" name="testcase1" duration-ms="5797" started-at="2017-11-17T15:50:52Z" finished-at="2017-11-17T15:50:58Z">
          <reporter-output>
          </reporter-output>
        </test-method> <!-- testcase1 -->
      </class> <!-- testcases.Tc_001 -->
    </test> <!-- Default test -->
  </suite> <!-- Default suite -->
</testng-results>
